  [1m[35m (109.5ms)[0m  [1m[35mCREATE TABLE `schema_migrations` (`version` varchar(255) PRIMARY KEY) ENGINE=InnoDB[0m
  [1m[35m (50.8ms)[0m  [1m[35mCREATE TABLE `ar_internal_metadata` (`key` varchar(255) PRIMARY KEY, `value` varchar(255), `created_at` datetime NOT NULL, `updated_at` datetime NOT NULL) ENGINE=InnoDB[0m
  [1m[35m (2.1ms)[0m  [1m[34mSELECT DATABASE() as db[0m
  [1m[35m (5.2ms)[0m  [1m[34mSELECT GET_LOCK('8281287389368061145', 0);[0m
  [1m[36mActiveRecord::SchemaMigration Load (7.6ms)[0m  [1m[34mSELECT `schema_migrations`.* FROM `schema_migrations`[0m
Migrating to CreateThemas (20161104052329)
  [1m[35m (49.7ms)[0m  [1m[35mCREATE TABLE `themas` (`id` int AUTO_INCREMENT PRIMARY KEY, `created_at` datetime NOT NULL, `updated_at` datetime NOT NULL) ENGINE=InnoDB[0m
  [1m[35m (0.7ms)[0m  [1m[35mBEGIN[0m
  [1m[35mSQL (2.6ms)[0m  [1m[32mINSERT INTO `schema_migrations` (`version`) VALUES ('20161104052329')[0m
  [1m[35m (2.4ms)[0m  [1m[35mCOMMIT[0m
  [1m[36mActiveRecord::InternalMetadata Load (1.3ms)[0m  [1m[34mSELECT  `ar_internal_metadata`.* FROM `ar_internal_metadata` WHERE `ar_internal_metadata`.`key` = 'environment' LIMIT 1[0m
  [1m[35m (0.2ms)[0m  [1m[35mBEGIN[0m
  [1m[35mSQL (3.7ms)[0m  [1m[32mINSERT INTO `ar_internal_metadata` (`key`, `value`, `created_at`, `updated_at`) VALUES ('environment', 'development', '2016-11-04 05:31:33', '2016-11-04 05:31:33')[0m
  [1m[35m (0.5ms)[0m  [1m[35mCOMMIT[0m
  [1m[35m (0.2ms)[0m  [1m[34mSELECT RELEASE_LOCK('8281287389368061145')[0m
  [1m[36mActiveRecord::SchemaMigration Load (0.2ms)[0m  [1m[34mSELECT `schema_migrations`.* FROM `schema_migrations`[0m
  [1m[35m (0.2ms)[0m  [1m[35mSHOW CREATE TABLE `themas`[0m
  [1m[35m (4.8ms)[0m  [1m[34mSELECT fk.referenced_table_name as 'to_table'
      ,fk.referenced_column_name as 'primary_key'
      ,fk.column_name as 'column'
      ,fk.constraint_name as 'name'
FROM information_schema.key_column_usage fk
WHERE fk.referenced_column_name is not null
  AND fk.table_schema = 'taiketsu_development'
  AND fk.table_name = 'themas'
[0m
Started GET "/" for ::1 at 2016-11-04 14:34:14 +0900
  [1m[36mActiveRecord::SchemaMigration Load (0.5ms)[0m  [1m[34mSELECT `schema_migrations`.* FROM `schema_migrations`[0m
Processing by Rails::WelcomeController#index as HTML
  Parameters: {"internal"=>true}
  Rendering /Users/HisamuraTaiki/.rbenv/versions/2.3.1/lib/ruby/gems/2.3.0/gems/railties-5.0.0.1/lib/rails/templates/rails/welcome/index.html.erb
  Rendered /Users/HisamuraTaiki/.rbenv/versions/2.3.1/lib/ruby/gems/2.3.0/gems/railties-5.0.0.1/lib/rails/templates/rails/welcome/index.html.erb (7.0ms)
Completed 200 OK in 31ms (Views: 15.7ms | ActiveRecord: 0.0ms)


  [1m[35m (0.5ms)[0m  [1m[34mSELECT DATABASE() as db[0m
  [1m[35m (0.2ms)[0m  [1m[34mSELECT GET_LOCK('8281287389368061145', 0);[0m
  [1m[36mActiveRecord::SchemaMigration Load (3.7ms)[0m  [1m[34mSELECT `schema_migrations`.* FROM `schema_migrations`[0m
Migrating to AddFirstNameToThemas (20161107051330)
  [1m[35m (122.5ms)[0m  [1m[35mALTER TABLE `themas` ADD `first_name` varchar(255)[0m
  [1m[35m (62.1ms)[0m  [1m[35mALTER TABLE `themas` ADD `second_name` varchar(255)[0m
  [1m[35m (0.3ms)[0m  [1m[35mBEGIN[0m
  [1m[35mSQL (1.8ms)[0m  [1m[32mINSERT INTO `schema_migrations` (`version`) VALUES ('20161107051330')[0m
  [1m[35m (0.3ms)[0m  [1m[35mCOMMIT[0m
  [1m[36mActiveRecord::InternalMetadata Load (0.9ms)[0m  [1m[34mSELECT  `ar_internal_metadata`.* FROM `ar_internal_metadata` WHERE `ar_internal_metadata`.`key` = 'environment' LIMIT 1[0m
  [1m[35m (0.2ms)[0m  [1m[35mBEGIN[0m
  [1m[35m (0.3ms)[0m  [1m[35mCOMMIT[0m
  [1m[35m (0.3ms)[0m  [1m[34mSELECT RELEASE_LOCK('8281287389368061145')[0m
  [1m[36mActiveRecord::SchemaMigration Load (0.2ms)[0m  [1m[34mSELECT `schema_migrations`.* FROM `schema_migrations`[0m
  [1m[35m (0.3ms)[0m  [1m[35mSHOW CREATE TABLE `themas`[0m
  [1m[35m (0.5ms)[0m  [1m[35mSHOW TABLE STATUS LIKE 'themas'[0m
  [1m[35m (0.4ms)[0m  [1m[34mSELECT fk.referenced_table_name as 'to_table'
      ,fk.referenced_column_name as 'primary_key'
      ,fk.column_name as 'column'
      ,fk.constraint_name as 'name'
FROM information_schema.key_column_usage fk
WHERE fk.referenced_column_name is not null
  AND fk.table_schema = 'taiketsu_development'
  AND fk.table_name = 'themas'
[0m
